[DEB] [07/09/2019 05:47:18 PM] [26180] [tmpl.main] ----- CLI Arguments -----
[DEB] [07/09/2019 05:47:18 PM] [26180] [tmpl.main] template_conf : src
[DEB] [07/09/2019 05:47:18 PM] [26180] [tmpl.main] block_end_string : %}
[DEB] [07/09/2019 05:47:18 PM] [26180] [tmpl.main] block_start_string : // {%
[DEB] [07/09/2019 05:47:18 PM] [26180] [tmpl.main] comment_end_string : #}
[DEB] [07/09/2019 05:47:18 PM] [26180] [tmpl.main] comment_start_string : // {#
[DEB] [07/09/2019 05:47:18 PM] [26180] [tmpl.main] delete : True
[DEB] [07/09/2019 05:47:18 PM] [26180] [tmpl.main] trim_jinja_blocks : True
[DEB] [07/09/2019 05:47:18 PM] [26180] [tmpl.main] dry_run : False
[DEB] [07/09/2019 05:47:18 PM] [26180] [tmpl.main] exclude : ['']
[DEB] [07/09/2019 05:47:18 PM] [26180] [tmpl.main] log_file : tmpl.log
[DEB] [07/09/2019 05:47:18 PM] [26180] [tmpl.main] log_level : debug
[DEB] [07/09/2019 05:47:18 PM] [26180] [tmpl.main] log_mode : overwrite
[DEB] [07/09/2019 05:47:18 PM] [26180] [tmpl.main] color_output : True
[DEB] [07/09/2019 05:47:18 PM] [26180] [tmpl.main] output : build
[DEB] [07/09/2019 05:47:18 PM] [26180] [tmpl.main] rsync_executable : /usr/bin/rsync
[DEB] [07/09/2019 05:47:18 PM] [26180] [tmpl.main] variable_end_string : }}
[DEB] [07/09/2019 05:47:18 PM] [26180] [tmpl.main] variable_start_string : {{
[DEB] [07/09/2019 05:47:18 PM] [26180] [tmpl.main] working_directory : /tmp/tmpl
[DEB] [07/09/2019 05:47:18 PM] [26180] [tmpl.main] -------------------------
[DEB] [07/09/2019 05:47:18 PM] [26180] [tmpl.get_hostname] Getting hostname and FQDN...
[DEB] [07/09/2019 05:47:18 PM] [26180] [tmpl.get_hostname] Hostname: harrisontlxlap
[DEB] [07/09/2019 05:47:18 PM] [26180] [tmpl.get_hostname] FQDN: harrisontlxlap.localdomain
[INF] [07/09/2019 05:47:18 PM] [26180] [tmpl.main] Starting process...
[INF] [07/09/2019 05:47:18 PM] [26180] [tmpl.validate_environment] Validating working environment...
[DEB] [07/09/2019 05:47:18 PM] [26180] [tmpl.validate_environment] Validating rsync executable path...
[DEB] [07/09/2019 05:47:18 PM] [26180] [tmpl.validate_environment] Validating template configuration file...
[DEB] [07/09/2019 05:47:18 PM] [26180] [tmpl.validate_environment] Selecting suitable template configuration file within specified directory...
[INF] [07/09/2019 05:47:18 PM] [26180] [tmpl.validate_environment] Automatically selected template configuration file "src/tmpl.yaml".
[DEB] [07/09/2019 05:47:18 PM] [26180] [tmpl.validate_environment] Validating working directory...
[DEB] [07/09/2019 05:47:18 PM] [26180] [tmpl.validate_environment] Working directory already exists. Deleting previous working directory...
[DEB] [07/09/2019 05:47:18 PM] [26180] [tmpl.validate_environment] Creating working directory...
[INF] [07/09/2019 05:47:18 PM] [26180] [tmpl.parse_config] Loading template configuration file...
[DEB] [07/09/2019 05:47:18 PM] [26180] [tmpl.parse_config] Reading template configuration file...
[DEB] [07/09/2019 05:47:18 PM] [26180] [tmpl.parse_config] Parsing template configuration file...
[DEB] [07/09/2019 05:47:18 PM] [26180] [tmpl.parse_config] Parsing template configuration file includes...
[DEB] [07/09/2019 05:47:18 PM] [26180] [tmpl.parse_config] Validating template configuration file include "src/yaml/cli.yaml"...
[DEB] [07/09/2019 05:47:18 PM] [26180] [tmpl.parse_config] Loading template configuration file include "src/yaml/cli.yaml"...
[DEB] [07/09/2019 05:47:18 PM] [26180] [tmpl.parse_config] Parsing template configuration file include "src/yaml/cli.yaml"...
[DEB] [07/09/2019 05:47:18 PM] [26180] [tmpl.parse_config] Merging template configuration file include "src/yaml/cli.yaml"...
[DEB] [07/09/2019 05:47:18 PM] [26180] [tmpl.parse_config] ----- Template Configuration -----
[DEB] [07/09/2019 05:47:18 PM] [26180] [tmpl.parse_config] include : ['yaml/*.yaml']
[DEB] [07/09/2019 05:47:18 PM] [26180] [tmpl.parse_config] cargo_features : ['box_syntax']
[DEB] [07/09/2019 05:47:18 PM] [26180] [tmpl.parse_config] files : [{'dst': 'main.rs', 'doc_file': 'docs/crate.md', 'private_modules': ['cli', 'logging']}, {'dst': 'logging.rs', 'desc': 'Contains useful functions pertaining to logging setup.'}, {'dst': 'cli.rs', 'desc': 'Contains functions for handling CLI interactions.', 'args': [{'name': 'log_file', 'default': 'grav.log', 'env': 'GRAV_LOG_FILE', 'help': 'Specifies the log file to write simulation events to.', 'long': '--log-file', 'short': '-f', 'value_name': 'FILE'}, {'name': 'log_level', 'default': 'info', 'env': 'GRAV_LOG_LEVEL', 'help': 'Specifies the logging level of the program.', 'long': '--log-level', 'possible_values': ['disabled', 'error', 'warning', 'info', 'debug', 'trace'], 'short': '-l', 'value_name': 'LVL'}, {'name': 'log_mode', 'default': 'append', 'env': 'GRAV_LOG_MODE', 'help': 'Specifies whether to append to, or overwrite, the specified log file.', 'long': '--log-mode', 'possible_values': ['append', 'overwrite'], 'short': '-M', 'value_name': 'MODE'}], 'subcommands': [{'name': 'run', 'help': 'Runs a new simulation with a specified configuration set.', 'args': [{'name': 'config', 'help': 'The simulation configuration file to execute.', 'required': True, 'value_name': 'FILE'}]}]}]
[DEB] [07/09/2019 05:47:18 PM] [26180] [tmpl.parse_config] ----------------------------------
[DEB] [07/09/2019 05:47:18 PM] [26180] [tmpl.validate_config] Validating template configuration...
[INF] [07/09/2019 05:47:18 PM] [26180] [tmpl.setup_jinja] Setting-up templating environment...
[DEB] [07/09/2019 05:47:18 PM] [26180] [tmpl.setup_jinja] Initializing loader...
[DEB] [07/09/2019 05:47:18 PM] [26180] [tmpl.setup_jinja] Initializing environment...
[DEB] [07/09/2019 05:47:18 PM] [26180] [tmpl.setup_jinja] Initializing extensions...
[DEB] [07/09/2019 05:47:18 PM] [26180] [tmpl.compute_mapping] Computing path mapping...
[DEB] [07/09/2019 05:47:18 PM] [26180] [tmpl.compute_mapping] Computing template path mapping for "main.rs"...
[DEB] [07/09/2019 05:47:18 PM] [26180] [tmpl.compute_mapping] SRC: main.rs (from "dst")
[DEB] [07/09/2019 05:47:18 PM] [26180] [tmpl.compute_mapping] FULL SOURCE PATHS: ['src/main.rs']
[DEB] [07/09/2019 05:47:18 PM] [26180] [tmpl.compute_mapping] RELATIVE SOURCE PATHS: ['main.rs']
[DEB] [07/09/2019 05:47:18 PM] [26180] [tmpl.compute_mapping] RELATIVE DESTINATION PATHS: ['main.rs']
[DEB] [07/09/2019 05:47:18 PM] [26180] [tmpl.compute_mapping] FULL (OUTPUT) DESINATION PATHS: ['build/main.rs']
[DEB] [07/09/2019 05:47:18 PM] [26180] [tmpl.compute_mapping] FULL (WORKING) DESTINATION PATHS: ['/tmp/tmpl/main.rs']
[DEB] [07/09/2019 05:47:18 PM] [26180] [tmpl.compute_mapping] Computing template path mapping for "logging.rs"...
[DEB] [07/09/2019 05:47:18 PM] [26180] [tmpl.compute_mapping] SRC: logging.rs (from "dst")
[DEB] [07/09/2019 05:47:18 PM] [26180] [tmpl.compute_mapping] FULL SOURCE PATHS: ['src/logging.rs']
[DEB] [07/09/2019 05:47:18 PM] [26180] [tmpl.compute_mapping] RELATIVE SOURCE PATHS: ['logging.rs']
[DEB] [07/09/2019 05:47:18 PM] [26180] [tmpl.compute_mapping] RELATIVE DESTINATION PATHS: ['logging.rs']
[DEB] [07/09/2019 05:47:18 PM] [26180] [tmpl.compute_mapping] FULL (OUTPUT) DESINATION PATHS: ['build/logging.rs']
[DEB] [07/09/2019 05:47:18 PM] [26180] [tmpl.compute_mapping] FULL (WORKING) DESTINATION PATHS: ['/tmp/tmpl/logging.rs']
[DEB] [07/09/2019 05:47:18 PM] [26180] [tmpl.compute_mapping] Computing template path mapping for "cli.rs"...
[DEB] [07/09/2019 05:47:18 PM] [26180] [tmpl.compute_mapping] SRC: cli.rs (from "dst")
[DEB] [07/09/2019 05:47:18 PM] [26180] [tmpl.compute_mapping] FULL SOURCE PATHS: ['src/cli.rs']
[DEB] [07/09/2019 05:47:18 PM] [26180] [tmpl.compute_mapping] RELATIVE SOURCE PATHS: ['cli.rs']
[DEB] [07/09/2019 05:47:18 PM] [26180] [tmpl.compute_mapping] RELATIVE DESTINATION PATHS: ['cli.rs']
[DEB] [07/09/2019 05:47:18 PM] [26180] [tmpl.compute_mapping] FULL (OUTPUT) DESINATION PATHS: ['build/cli.rs']
[DEB] [07/09/2019 05:47:18 PM] [26180] [tmpl.compute_mapping] FULL (WORKING) DESTINATION PATHS: ['/tmp/tmpl/cli.rs']
[DEB] [07/09/2019 05:47:18 PM] [26180] [tmpl.compute_mapping] TEMPLATE MAPPING: [{'chmod': '', 'chown': '', 'dst_key': 'main.rs', 'full_dst': 'build/main.rs', 'full_lnk': '', 'full_src': 'src/main.rs', 'full_wrk': '/tmp/tmpl/main.rs', 'rel_dst': 'main.rs', 'rel_lnk': '', 'rel_src': 'main.rs', 'translate': True}, {'chmod': '', 'chown': '', 'dst_key': 'logging.rs', 'full_dst': 'build/logging.rs', 'full_lnk': '', 'full_src': 'src/logging.rs', 'full_wrk': '/tmp/tmpl/logging.rs', 'rel_dst': 'logging.rs', 'rel_lnk': '', 'rel_src': 'logging.rs', 'translate': True}, {'chmod': '', 'chown': '', 'dst_key': 'cli.rs', 'full_dst': 'build/cli.rs', 'full_lnk': '', 'full_src': 'src/cli.rs', 'full_wrk': '/tmp/tmpl/cli.rs', 'rel_dst': 'cli.rs', 'rel_lnk': '', 'rel_src': 'cli.rs', 'translate': True}]
[INF] [07/09/2019 05:47:18 PM] [26180] [tmpl.translate_templates] Translating templates...
[INF] [07/09/2019 05:47:18 PM] [26180] [tmpl.translate_templates] Translating "src/main.rs" into "/tmp/tmpl/main.rs"...
[DEB] [07/09/2019 05:47:18 PM] [26180] [tmpl.translate_templates] Loading template...
[DEB] [07/09/2019 05:47:18 PM] [26180] [tmpl.translate_templates] Augmenting template configuration...
[DEB] [07/09/2019 05:47:18 PM] [26180] [tmpl.translate_templates] Rendering template...
[DEB] [07/09/2019 05:47:18 PM] [26180] [tmpl.translate_templates] Writing rendered file to working directory...
[INF] [07/09/2019 05:47:18 PM] [26180] [tmpl.translate_templates] Translating "src/logging.rs" into "/tmp/tmpl/logging.rs"...
[DEB] [07/09/2019 05:47:18 PM] [26180] [tmpl.translate_templates] Loading template...
[DEB] [07/09/2019 05:47:18 PM] [26180] [tmpl.translate_templates] Augmenting template configuration...
[DEB] [07/09/2019 05:47:18 PM] [26180] [tmpl.translate_templates] Rendering template...
[DEB] [07/09/2019 05:47:18 PM] [26180] [tmpl.translate_templates] Writing rendered file to working directory...
[INF] [07/09/2019 05:47:18 PM] [26180] [tmpl.translate_templates] Translating "src/cli.rs" into "/tmp/tmpl/cli.rs"...
[DEB] [07/09/2019 05:47:18 PM] [26180] [tmpl.translate_templates] Loading template...
[DEB] [07/09/2019 05:47:18 PM] [26180] [tmpl.translate_templates] Augmenting template configuration...
[DEB] [07/09/2019 05:47:18 PM] [26180] [tmpl.translate_templates] Rendering template...
[DEB] [07/09/2019 05:47:18 PM] [26180] [tmpl.translate_templates] Writing rendered file to working directory...
[INF] [07/09/2019 05:47:18 PM] [26180] [tmpl.write_output] Finalizing translation process...
[DEB] [07/09/2019 05:47:18 PM] [26180] [tmpl.write_output] Transferring files to output directory...
[DEB] [07/09/2019 05:47:18 PM] [26180] [tmpl.write_output] RSYNC ARGS: -a -h --progress --delete
[DEB] [07/09/2019 05:47:18 PM] [26180] [tmpl.write_output] RSYNC EXIT CODE: 0
[DEB] [07/09/2019 05:47:18 PM] [26180] [tmpl.write_output] RSYNC OUTPUT: sending incremental file list
[DEB] [07/09/2019 05:47:18 PM] [26180] [tmpl.write_output] RSYNC OUTPUT: ./
[DEB] [07/09/2019 05:47:18 PM] [26180] [tmpl.write_output] RSYNC OUTPUT: cli.rs
[DEB] [07/09/2019 05:47:18 PM] [26180] [tmpl.write_output] RSYNC OUTPUT: 
[DEB] [07/09/2019 05:47:18 PM] [26180] [tmpl.write_output] RSYNC OUTPUT:           3.77K 100%    0.00kB/s    0:00:00  
[DEB] [07/09/2019 05:47:18 PM] [26180] [tmpl.write_output] RSYNC OUTPUT:           3.77K 100%    0.00kB/s    0:00:00 (xfr#1, to-chk=2/4)
[DEB] [07/09/2019 05:47:18 PM] [26180] [tmpl.write_output] RSYNC OUTPUT: logging.rs
[DEB] [07/09/2019 05:47:18 PM] [26180] [tmpl.write_output] RSYNC OUTPUT: 
[DEB] [07/09/2019 05:47:18 PM] [26180] [tmpl.write_output] RSYNC OUTPUT:           1.25K 100%    1.19MB/s    0:00:00  
[DEB] [07/09/2019 05:47:18 PM] [26180] [tmpl.write_output] RSYNC OUTPUT:           1.25K 100%    1.19MB/s    0:00:00 (xfr#2, to-chk=1/4)
[DEB] [07/09/2019 05:47:18 PM] [26180] [tmpl.write_output] RSYNC OUTPUT: main.rs
[DEB] [07/09/2019 05:47:18 PM] [26180] [tmpl.write_output] RSYNC OUTPUT: 
[DEB] [07/09/2019 05:47:18 PM] [26180] [tmpl.write_output] RSYNC OUTPUT:             564 100%  550.78kB/s    0:00:00  
[DEB] [07/09/2019 05:47:18 PM] [26180] [tmpl.write_output] RSYNC OUTPUT:             564 100%  550.78kB/s    0:00:00 (xfr#3, to-chk=0/4)
[DEB] [07/09/2019 05:47:18 PM] [26180] [tmpl.write_output] Processing symlinks, ownership, and permissions...
[INF] [07/09/2019 05:47:18 PM] [26180] [tmpl.main] Process complete.
